2008-09-15 23:14:03,253 DEBUG LI $t0 0
2008-09-15 23:14:03,253 DEBUG setting $t0 to 0
2008-09-15 23:14:03,254 DEBUG LI $t1 1
2008-09-15 23:14:03,254 DEBUG setting $t1 to 1
2008-09-15 23:14:03,254 DEBUG LI $t3 0
2008-09-15 23:14:03,254 DEBUG setting $t3 to 0
2008-09-15 23:14:03,254 DEBUG LI $t4 10
2008-09-15 23:14:03,254 DEBUG setting $t4 to 10
2008-09-15 23:14:03,254 DEBUG LI $t5 0
2008-09-15 23:14:03,254 DEBUG setting $t5 to 0
2008-09-15 23:14:03,254 DEBUG LI $t6 1
2008-09-15 23:14:03,254 DEBUG setting $t6 to 1
2008-09-15 23:14:03,255 DEBUG LI $t7 2
2008-09-15 23:14:03,255 DEBUG setting $t7 to 2
2008-09-15 23:14:03,255 DEBUG JAL to Loop
2008-09-15 23:14:03,255 DEBUG setting $ra to 8
2008-09-15 23:14:03,255 DEBUG JAL to print_b
2008-09-15 23:14:03,255 DEBUG setting $ra to 36
2008-09-15 23:14:03,255 DEBUG LI $v0 1
2008-09-15 23:14:03,255 DEBUG setting $v0 to 1
2008-09-15 23:14:03,255 DEBUG MOVE $a0 $t1
2008-09-15 23:14:03,256 DEBUG setting $a0 to 1
2008-09-15 23:14:03,256 DEBUG JR to $ra
2008-09-15 23:14:03,256 DEBUG JAL to print_space
2008-09-15 23:14:03,256 DEBUG setting $ra to 37
2008-09-15 23:14:03,256 DEBUG LI $v0 4
2008-09-15 23:14:03,256 DEBUG setting $v0 to 4
2008-09-15 23:14:03,256 DEBUG LA $a0 space
2008-09-15 23:14:03,256 DEBUG setting $a0 to  
2008-09-15 23:14:03,256 DEBUG JR to $ra
2008-09-15 23:14:03,257 DEBUG MOVE $t2 $t0
2008-09-15 23:14:03,257 DEBUG setting $t2 to 0
2008-09-15 23:14:03,257 DEBUG MOVE $t0 $t1
2008-09-15 23:14:03,257 DEBUG setting $t0 to 1
2008-09-15 23:14:03,257 DEBUG ADD $t1 $t0 $t2
2008-09-15 23:14:03,257 DEBUG setting $t1 to 1
2008-09-15 23:14:03,257 DEBUG ADDI $t3 $t3 1
2008-09-15 23:14:03,257 DEBUG setting $t3 to 1
2008-09-15 23:14:03,257 DEBUG DIV $t1 $t7
2008-09-15 23:14:03,257 DEBUG setting $hi to 1
2008-09-15 23:14:03,258 DEBUG setting $lo to 0
2008-09-15 23:14:03,258 DEBUG MFHI $t8
2008-09-15 23:14:03,258 DEBUG setting $t8 to 1
2008-09-15 23:14:03,258 DEBUG Branch $t8 $zero even
2008-09-15 23:14:03,258 DEBUG JUMP to odd
2008-09-15 23:14:03,258 DEBUG ADD $t6 $t6 $t1
2008-09-15 23:14:03,258 DEBUG setting $t6 to 2
2008-09-15 23:14:03,258 DEBUG Branch $t3 $t4 Loop
2008-09-15 23:14:03,258 DEBUG Jumping to Loop
2008-09-15 23:14:03,259 DEBUG JAL to print_b
2008-09-15 23:14:03,259 DEBUG setting $ra to 36
2008-09-15 23:14:03,259 DEBUG LI $v0 1
2008-09-15 23:14:03,259 DEBUG setting $v0 to 1
2008-09-15 23:14:03,259 DEBUG MOVE $a0 $t1
2008-09-15 23:14:03,259 DEBUG setting $a0 to 1
2008-09-15 23:14:03,259 DEBUG JR to $ra
2008-09-15 23:14:03,259 DEBUG JAL to print_space
2008-09-15 23:14:03,259 DEBUG setting $ra to 37
2008-09-15 23:14:03,260 DEBUG LI $v0 4
2008-09-15 23:14:03,260 DEBUG setting $v0 to 4
2008-09-15 23:14:03,260 DEBUG LA $a0 space
2008-09-15 23:14:03,260 DEBUG setting $a0 to  
2008-09-15 23:14:03,260 DEBUG JR to $ra
2008-09-15 23:14:03,260 DEBUG MOVE $t2 $t0
2008-09-15 23:14:03,260 DEBUG setting $t2 to 1
2008-09-15 23:14:03,260 DEBUG MOVE $t0 $t1
2008-09-15 23:14:03,260 DEBUG setting $t0 to 1
2008-09-15 23:14:03,261 DEBUG ADD $t1 $t0 $t2
2008-09-15 23:14:03,261 DEBUG setting $t1 to 2
2008-09-15 23:14:03,261 DEBUG ADDI $t3 $t3 1
2008-09-15 23:14:03,261 DEBUG setting $t3 to 2
2008-09-15 23:14:03,261 DEBUG DIV $t1 $t7
2008-09-15 23:14:03,261 DEBUG setting $hi to 0
2008-09-15 23:14:03,261 DEBUG setting $lo to 1
2008-09-15 23:14:03,261 DEBUG MFHI $t8
2008-09-15 23:14:03,261 DEBUG setting $t8 to 0
2008-09-15 23:14:03,261 DEBUG Branch $t8 $zero even
2008-09-15 23:14:03,262 DEBUG Jumping to even
2008-09-15 23:14:03,262 DEBUG ADD $t5 $t5 $t1
2008-09-15 23:14:03,262 DEBUG setting $t5 to 2
2008-09-15 23:14:03,262 DEBUG Branch $t3 $t4 Loop
2008-09-15 23:14:03,262 DEBUG Jumping to Loop
2008-09-15 23:14:03,262 DEBUG JAL to print_b
2008-09-15 23:14:03,262 DEBUG setting $ra to 36
2008-09-15 23:14:03,262 DEBUG LI $v0 1
2008-09-15 23:14:03,262 DEBUG setting $v0 to 1
2008-09-15 23:14:03,263 DEBUG MOVE $a0 $t1
2008-09-15 23:14:03,263 DEBUG setting $a0 to 2
2008-09-15 23:14:03,263 DEBUG JR to $ra
2008-09-15 23:14:03,263 DEBUG JAL to print_space
2008-09-15 23:14:03,263 DEBUG setting $ra to 37
2008-09-15 23:14:03,263 DEBUG LI $v0 4
2008-09-15 23:14:03,263 DEBUG setting $v0 to 4
2008-09-15 23:14:03,263 DEBUG LA $a0 space
2008-09-15 23:14:03,263 DEBUG setting $a0 to  
2008-09-15 23:14:03,264 DEBUG JR to $ra
2008-09-15 23:14:03,264 DEBUG MOVE $t2 $t0
2008-09-15 23:14:03,264 DEBUG setting $t2 to 1
2008-09-15 23:14:03,264 DEBUG MOVE $t0 $t1
2008-09-15 23:14:03,264 DEBUG setting $t0 to 2
2008-09-15 23:14:03,264 DEBUG ADD $t1 $t0 $t2
2008-09-15 23:14:03,264 DEBUG setting $t1 to 3
2008-09-15 23:14:03,264 DEBUG ADDI $t3 $t3 1
2008-09-15 23:14:03,264 DEBUG setting $t3 to 3
2008-09-15 23:14:03,264 DEBUG DIV $t1 $t7
2008-09-15 23:14:03,265 DEBUG setting $hi to 1
2008-09-15 23:14:03,265 DEBUG setting $lo to 1
2008-09-15 23:14:03,265 DEBUG MFHI $t8
2008-09-15 23:14:03,265 DEBUG setting $t8 to 1
2008-09-15 23:14:03,265 DEBUG Branch $t8 $zero even
2008-09-15 23:14:03,265 DEBUG JUMP to odd
2008-09-15 23:14:03,265 DEBUG ADD $t6 $t6 $t1
2008-09-15 23:14:03,265 DEBUG setting $t6 to 5
2008-09-15 23:14:03,265 DEBUG Branch $t3 $t4 Loop
2008-09-15 23:14:03,266 DEBUG Jumping to Loop
2008-09-15 23:14:03,266 DEBUG JAL to print_b
2008-09-15 23:14:03,266 DEBUG setting $ra to 36
2008-09-15 23:14:03,266 DEBUG LI $v0 1
2008-09-15 23:14:03,266 DEBUG setting $v0 to 1
2008-09-15 23:14:03,266 DEBUG MOVE $a0 $t1
2008-09-15 23:14:03,266 DEBUG setting $a0 to 3
2008-09-15 23:14:03,266 DEBUG JR to $ra
2008-09-15 23:14:03,266 DEBUG JAL to print_space
2008-09-15 23:14:03,267 DEBUG setting $ra to 37
2008-09-15 23:14:03,267 DEBUG LI $v0 4
2008-09-15 23:14:03,267 DEBUG setting $v0 to 4
2008-09-15 23:14:03,267 DEBUG LA $a0 space
2008-09-15 23:14:03,267 DEBUG setting $a0 to  
2008-09-15 23:14:03,267 DEBUG JR to $ra
2008-09-15 23:14:03,267 DEBUG MOVE $t2 $t0
2008-09-15 23:14:03,267 DEBUG setting $t2 to 2
2008-09-15 23:14:03,267 DEBUG MOVE $t0 $t1
2008-09-15 23:14:03,268 DEBUG setting $t0 to 3
2008-09-15 23:14:03,268 DEBUG ADD $t1 $t0 $t2
2008-09-15 23:14:03,268 DEBUG setting $t1 to 5
2008-09-15 23:14:03,268 DEBUG ADDI $t3 $t3 1
2008-09-15 23:14:03,268 DEBUG setting $t3 to 4
2008-09-15 23:14:03,268 DEBUG DIV $t1 $t7
2008-09-15 23:14:03,268 DEBUG setting $hi to 1
2008-09-15 23:14:03,268 DEBUG setting $lo to 2
2008-09-15 23:14:03,268 DEBUG MFHI $t8
2008-09-15 23:14:03,268 DEBUG setting $t8 to 1
2008-09-15 23:14:03,269 DEBUG Branch $t8 $zero even
2008-09-15 23:14:03,269 DEBUG JUMP to odd
2008-09-15 23:14:03,269 DEBUG ADD $t6 $t6 $t1
2008-09-15 23:14:03,269 DEBUG setting $t6 to 10
2008-09-15 23:14:03,269 DEBUG Branch $t3 $t4 Loop
2008-09-15 23:14:03,269 DEBUG Jumping to Loop
2008-09-15 23:14:03,269 DEBUG JAL to print_b
2008-09-15 23:14:03,269 DEBUG setting $ra to 36
2008-09-15 23:14:03,269 DEBUG LI $v0 1
2008-09-15 23:14:03,270 DEBUG setting $v0 to 1
2008-09-15 23:14:03,270 DEBUG MOVE $a0 $t1
2008-09-15 23:14:03,270 DEBUG setting $a0 to 5
2008-09-15 23:14:03,270 DEBUG JR to $ra
2008-09-15 23:14:03,270 DEBUG JAL to print_space
2008-09-15 23:14:03,270 DEBUG setting $ra to 37
2008-09-15 23:14:03,270 DEBUG LI $v0 4
2008-09-15 23:14:03,270 DEBUG setting $v0 to 4
2008-09-15 23:14:03,270 DEBUG LA $a0 space
2008-09-15 23:14:03,271 DEBUG setting $a0 to  
2008-09-15 23:14:03,271 DEBUG JR to $ra
2008-09-15 23:14:03,271 DEBUG MOVE $t2 $t0
2008-09-15 23:14:03,271 DEBUG setting $t2 to 3
2008-09-15 23:14:03,271 DEBUG MOVE $t0 $t1
2008-09-15 23:14:03,271 DEBUG setting $t0 to 5
2008-09-15 23:14:03,271 DEBUG ADD $t1 $t0 $t2
2008-09-15 23:14:03,271 DEBUG setting $t1 to 8
2008-09-15 23:14:03,271 DEBUG ADDI $t3 $t3 1
2008-09-15 23:14:03,271 DEBUG setting $t3 to 5
2008-09-15 23:14:03,272 DEBUG DIV $t1 $t7
2008-09-15 23:14:03,272 DEBUG setting $hi to 0
2008-09-15 23:14:03,272 DEBUG setting $lo to 4
2008-09-15 23:14:03,272 DEBUG MFHI $t8
2008-09-15 23:14:03,272 DEBUG setting $t8 to 0
2008-09-15 23:14:03,272 DEBUG Branch $t8 $zero even
2008-09-15 23:14:03,272 DEBUG Jumping to even
2008-09-15 23:14:03,272 DEBUG ADD $t5 $t5 $t1
2008-09-15 23:14:03,272 DEBUG setting $t5 to 10
2008-09-15 23:14:03,273 DEBUG Branch $t3 $t4 Loop
2008-09-15 23:14:03,273 DEBUG Jumping to Loop
2008-09-15 23:14:03,273 DEBUG JAL to print_b
2008-09-15 23:14:03,273 DEBUG setting $ra to 36
2008-09-15 23:14:03,273 DEBUG LI $v0 1
2008-09-15 23:14:03,273 DEBUG setting $v0 to 1
2008-09-15 23:14:03,273 DEBUG MOVE $a0 $t1
2008-09-15 23:14:03,273 DEBUG setting $a0 to 8
2008-09-15 23:14:03,273 DEBUG JR to $ra
2008-09-15 23:14:03,274 DEBUG JAL to print_space
2008-09-15 23:14:03,274 DEBUG setting $ra to 37
2008-09-15 23:14:03,274 DEBUG LI $v0 4
2008-09-15 23:14:03,274 DEBUG setting $v0 to 4
2008-09-15 23:14:03,274 DEBUG LA $a0 space
2008-09-15 23:14:03,274 DEBUG setting $a0 to  
2008-09-15 23:14:03,274 DEBUG JR to $ra
2008-09-15 23:14:03,274 DEBUG MOVE $t2 $t0
2008-09-15 23:14:03,274 DEBUG setting $t2 to 5
2008-09-15 23:14:03,275 DEBUG MOVE $t0 $t1
2008-09-15 23:14:03,275 DEBUG setting $t0 to 8
2008-09-15 23:14:03,275 DEBUG ADD $t1 $t0 $t2
2008-09-15 23:14:03,275 DEBUG setting $t1 to 13
2008-09-15 23:14:03,275 DEBUG ADDI $t3 $t3 1
2008-09-15 23:14:03,275 DEBUG setting $t3 to 6
2008-09-15 23:14:03,275 DEBUG DIV $t1 $t7
2008-09-15 23:14:03,275 DEBUG setting $hi to 1
2008-09-15 23:14:03,275 DEBUG setting $lo to 6
2008-09-15 23:14:03,275 DEBUG MFHI $t8
2008-09-15 23:14:03,276 DEBUG setting $t8 to 1
2008-09-15 23:14:03,276 DEBUG Branch $t8 $zero even
2008-09-15 23:14:03,276 DEBUG JUMP to odd
2008-09-15 23:14:03,276 DEBUG ADD $t6 $t6 $t1
2008-09-15 23:14:03,276 DEBUG setting $t6 to 23
2008-09-15 23:14:03,276 DEBUG Branch $t3 $t4 Loop
2008-09-15 23:14:03,276 DEBUG Jumping to Loop
2008-09-15 23:14:03,276 DEBUG JAL to print_b
2008-09-15 23:14:03,276 DEBUG setting $ra to 36
2008-09-15 23:14:03,277 DEBUG LI $v0 1
2008-09-15 23:14:03,277 DEBUG setting $v0 to 1
2008-09-15 23:14:03,277 DEBUG MOVE $a0 $t1
2008-09-15 23:14:03,277 DEBUG setting $a0 to 13
2008-09-15 23:14:03,277 DEBUG JR to $ra
2008-09-15 23:14:03,277 DEBUG JAL to print_space
2008-09-15 23:14:03,277 DEBUG setting $ra to 37
2008-09-15 23:14:03,277 DEBUG LI $v0 4
2008-09-15 23:14:03,277 DEBUG setting $v0 to 4
2008-09-15 23:14:03,278 DEBUG LA $a0 space
2008-09-15 23:14:03,278 DEBUG setting $a0 to  
2008-09-15 23:14:03,278 DEBUG JR to $ra
2008-09-15 23:14:03,278 DEBUG MOVE $t2 $t0
2008-09-15 23:14:03,278 DEBUG setting $t2 to 8
2008-09-15 23:14:03,278 DEBUG MOVE $t0 $t1
2008-09-15 23:14:03,278 DEBUG setting $t0 to 13
2008-09-15 23:14:03,278 DEBUG ADD $t1 $t0 $t2
2008-09-15 23:14:03,278 DEBUG setting $t1 to 21
2008-09-15 23:14:03,278 DEBUG ADDI $t3 $t3 1
2008-09-15 23:14:03,279 DEBUG setting $t3 to 7
2008-09-15 23:14:03,279 DEBUG DIV $t1 $t7
2008-09-15 23:14:03,279 DEBUG setting $hi to 1
2008-09-15 23:14:03,279 DEBUG setting $lo to 10
2008-09-15 23:14:03,279 DEBUG MFHI $t8
2008-09-15 23:14:03,279 DEBUG setting $t8 to 1
2008-09-15 23:14:03,279 DEBUG Branch $t8 $zero even
2008-09-15 23:14:03,279 DEBUG JUMP to odd
2008-09-15 23:14:03,279 DEBUG ADD $t6 $t6 $t1
2008-09-15 23:14:03,280 DEBUG setting $t6 to 44
2008-09-15 23:14:03,280 DEBUG Branch $t3 $t4 Loop
2008-09-15 23:14:03,280 DEBUG Jumping to Loop
2008-09-15 23:14:03,280 DEBUG JAL to print_b
2008-09-15 23:14:03,280 DEBUG setting $ra to 36
2008-09-15 23:14:03,280 DEBUG LI $v0 1
2008-09-15 23:14:03,280 DEBUG setting $v0 to 1
2008-09-15 23:14:03,280 DEBUG MOVE $a0 $t1
2008-09-15 23:14:03,280 DEBUG setting $a0 to 21
2008-09-15 23:14:03,281 DEBUG JR to $ra
2008-09-15 23:14:03,281 DEBUG JAL to print_space
2008-09-15 23:14:03,281 DEBUG setting $ra to 37
2008-09-15 23:14:03,281 DEBUG LI $v0 4
2008-09-15 23:14:03,281 DEBUG setting $v0 to 4
2008-09-15 23:14:03,281 DEBUG LA $a0 space
2008-09-15 23:14:03,281 DEBUG setting $a0 to  
2008-09-15 23:14:03,281 DEBUG JR to $ra
2008-09-15 23:14:03,281 DEBUG MOVE $t2 $t0
2008-09-15 23:14:03,282 DEBUG setting $t2 to 13
2008-09-15 23:14:03,282 DEBUG MOVE $t0 $t1
2008-09-15 23:14:03,282 DEBUG setting $t0 to 21
2008-09-15 23:14:03,282 DEBUG ADD $t1 $t0 $t2
2008-09-15 23:14:03,282 DEBUG setting $t1 to 34
2008-09-15 23:14:03,282 DEBUG ADDI $t3 $t3 1
2008-09-15 23:14:03,282 DEBUG setting $t3 to 8
2008-09-15 23:14:03,282 DEBUG DIV $t1 $t7
2008-09-15 23:14:03,282 DEBUG setting $hi to 0
2008-09-15 23:14:03,282 DEBUG setting $lo to 17
2008-09-15 23:14:03,283 DEBUG MFHI $t8
2008-09-15 23:14:03,283 DEBUG setting $t8 to 0
2008-09-15 23:14:03,283 DEBUG Branch $t8 $zero even
2008-09-15 23:14:03,283 DEBUG Jumping to even
2008-09-15 23:14:03,283 DEBUG ADD $t5 $t5 $t1
2008-09-15 23:14:03,283 DEBUG setting $t5 to 44
2008-09-15 23:14:03,283 DEBUG Branch $t3 $t4 Loop
2008-09-15 23:14:03,283 DEBUG Jumping to Loop
2008-09-15 23:14:03,284 DEBUG JAL to print_b
2008-09-15 23:14:03,284 DEBUG setting $ra to 36
2008-09-15 23:14:03,284 DEBUG LI $v0 1
2008-09-15 23:14:03,285 DEBUG setting $v0 to 1
2008-09-15 23:14:03,285 DEBUG MOVE $a0 $t1
2008-09-15 23:14:03,285 DEBUG setting $a0 to 34
2008-09-15 23:14:03,285 DEBUG JR to $ra
2008-09-15 23:14:03,285 DEBUG JAL to print_space
2008-09-15 23:14:03,285 DEBUG setting $ra to 37
2008-09-15 23:14:03,285 DEBUG LI $v0 4
2008-09-15 23:14:03,285 DEBUG setting $v0 to 4
2008-09-15 23:14:03,285 DEBUG LA $a0 space
2008-09-15 23:14:03,285 DEBUG setting $a0 to  
2008-09-15 23:14:03,286 DEBUG JR to $ra
2008-09-15 23:14:03,286 DEBUG MOVE $t2 $t0
2008-09-15 23:14:03,286 DEBUG setting $t2 to 21
2008-09-15 23:14:03,286 DEBUG MOVE $t0 $t1
2008-09-15 23:14:03,286 DEBUG setting $t0 to 34
2008-09-15 23:14:03,286 DEBUG ADD $t1 $t0 $t2
2008-09-15 23:14:03,286 DEBUG setting $t1 to 55
2008-09-15 23:14:03,286 DEBUG ADDI $t3 $t3 1
2008-09-15 23:14:03,286 DEBUG setting $t3 to 9
2008-09-15 23:14:03,286 DEBUG DIV $t1 $t7
2008-09-15 23:14:03,287 DEBUG setting $hi to 1
2008-09-15 23:14:03,287 DEBUG setting $lo to 27
2008-09-15 23:14:03,287 DEBUG MFHI $t8
2008-09-15 23:14:03,287 DEBUG setting $t8 to 1
2008-09-15 23:14:03,287 DEBUG Branch $t8 $zero even
2008-09-15 23:14:03,287 DEBUG JUMP to odd
2008-09-15 23:14:03,287 DEBUG ADD $t6 $t6 $t1
2008-09-15 23:14:03,287 DEBUG setting $t6 to 99
2008-09-15 23:14:03,287 DEBUG Branch $t3 $t4 Loop
2008-09-15 23:14:03,288 DEBUG Jumping to Loop
2008-09-15 23:14:03,288 DEBUG JAL to print_b
2008-09-15 23:14:03,288 DEBUG setting $ra to 36
2008-09-15 23:14:03,288 DEBUG LI $v0 1
2008-09-15 23:14:03,288 DEBUG setting $v0 to 1
2008-09-15 23:14:03,288 DEBUG MOVE $a0 $t1
2008-09-15 23:14:03,288 DEBUG setting $a0 to 55
2008-09-15 23:14:03,288 DEBUG JR to $ra
2008-09-15 23:14:03,288 DEBUG JAL to print_space
2008-09-15 23:14:03,289 DEBUG setting $ra to 37
2008-09-15 23:14:03,289 DEBUG LI $v0 4
2008-09-15 23:14:03,289 DEBUG setting $v0 to 4
2008-09-15 23:14:03,289 DEBUG LA $a0 space
2008-09-15 23:14:03,289 DEBUG setting $a0 to  
2008-09-15 23:14:03,289 DEBUG JR to $ra
2008-09-15 23:14:03,289 DEBUG MOVE $t2 $t0
2008-09-15 23:14:03,289 DEBUG setting $t2 to 34
2008-09-15 23:14:03,289 DEBUG MOVE $t0 $t1
2008-09-15 23:14:03,289 DEBUG setting $t0 to 55
2008-09-15 23:14:03,290 DEBUG ADD $t1 $t0 $t2
2008-09-15 23:14:03,290 DEBUG setting $t1 to 89
2008-09-15 23:14:03,290 DEBUG ADDI $t3 $t3 1
2008-09-15 23:14:03,290 DEBUG setting $t3 to 10
2008-09-15 23:14:03,290 DEBUG DIV $t1 $t7
2008-09-15 23:14:03,290 DEBUG setting $hi to 1
2008-09-15 23:14:03,290 DEBUG setting $lo to 44
2008-09-15 23:14:03,290 DEBUG MFHI $t8
2008-09-15 23:14:03,290 DEBUG setting $t8 to 1
2008-09-15 23:14:03,290 DEBUG Branch $t8 $zero even
2008-09-15 23:14:03,291 DEBUG JUMP to odd
2008-09-15 23:14:03,291 DEBUG ADD $t6 $t6 $t1
2008-09-15 23:14:03,291 DEBUG setting $t6 to 188
2008-09-15 23:14:03,291 DEBUG Branch $t3 $t4 Loop
2008-09-15 23:14:03,291 DEBUG JUMP to end
2008-09-15 23:14:03,291 DEBUG JAL to print_b
2008-09-15 23:14:03,291 DEBUG setting $ra to 55
2008-09-15 23:14:03,292 DEBUG LI $v0 1
2008-09-15 23:14:03,292 DEBUG setting $v0 to 1
2008-09-15 23:14:03,292 DEBUG MOVE $a0 $t1
2008-09-15 23:14:03,292 DEBUG setting $a0 to 89
2008-09-15 23:14:03,292 DEBUG JR to $ra
2008-09-15 23:14:03,292 DEBUG JAL to print_even_sum
2008-09-15 23:14:03,292 DEBUG setting $ra to 56
2008-09-15 23:14:03,292 DEBUG LI $v0 4
2008-09-15 23:14:03,292 DEBUG setting $v0 to 4
2008-09-15 23:14:03,292 DEBUG LA $a0 even_str
2008-09-15 23:14:03,293 DEBUG setting $a0 to 
Even Sum = 
2008-09-15 23:14:03,293 DEBUG LI $v0 1
2008-09-15 23:14:03,293 DEBUG setting $v0 to 1
2008-09-15 23:14:03,293 DEBUG MOVE $a0 $t5
2008-09-15 23:14:03,293 DEBUG setting $a0 to 44
2008-09-15 23:14:03,293 DEBUG JR to $ra
2008-09-15 23:14:03,293 DEBUG JAL to print_odd_sum
2008-09-15 23:14:03,293 DEBUG setting $ra to 57
2008-09-15 23:14:03,293 DEBUG LI $v0 4
2008-09-15 23:14:03,294 DEBUG setting $v0 to 4
2008-09-15 23:14:03,294 DEBUG LA $a0 odd_str
2008-09-15 23:14:03,294 DEBUG setting $a0 to 
Odd Sum = 
2008-09-15 23:14:03,294 DEBUG LI $v0 1
2008-09-15 23:14:03,294 DEBUG setting $v0 to 1
2008-09-15 23:14:03,294 DEBUG MOVE $a0 $t6
2008-09-15 23:14:03,294 DEBUG setting $a0 to 188
2008-09-15 23:14:03,294 DEBUG JR to $ra
